<?xml version="1.0" encoding="UTF-8"?>
<!-- Generated by org.testng.reporters.JUnitReportReporter -->
<testsuite hostname="DESKTOP-ESENG68" failures="0" tests="3" name="tests.FlightFinderTest" time="6.479" errors="0" timestamp="12 Jan 2019 12:51:59 GMT" skipped="0">
  <testcase classname="tests.FlightFinderTest" name="verifylogin" time="5.342"/>
  <testcase classname="tests.FlightFinderTest" name="verifyNumberOfFromPortValues" time="0.061"/>
  <testcase classname="tests.FlightFinderTest" name="verifyFromPort" time="1.076"/>
</testsuite> <!-- tests.FlightFinderTest -->
