<?xml version="1.0" encoding="UTF-8"?>
<!-- Generated by org.testng.reporters.JUnitReportReporter -->
<testsuite hostname="DESKTOP-ESENG68" failures="0" tests="3" name="tests.LoginTest" time="15.331" errors="0" timestamp="23 Dec 2018 13:12:26 GMT" skipped="0">
  <testcase classname="tests.LoginTest" name="envSetup" time="9.104"/>
  <testcase classname="tests.LoginTest" name="textVerify" time="0.144"/>
  <testcase classname="tests.LoginTest" name="verifylogin" time="6.083"/>
</testsuite> <!-- tests.LoginTest -->
